LM::startUp(): Successfully started.
DisplayManager startup called
Vertical chars, should be 24: 24
Horizontal chars, should be 80: 80
Horizontal pixels, should be 1024: 1024
Vertical pixels, should be 768: 768
Manager is started called.

Inserting object 0
Object base constructor called
ExampleObject constructor called
Inserting object 1
Object base constructor called
ExampleObject constructor called
Inserting object 2
Object base constructor called
ExampleObject constructor called
Inserting object 3
Object base constructor called
Bee constructor called
All objects currently in world:
Object type example, id 0, position 0.000000, 0.000000, vector magnitude 0.000000
Object type example, id 1, position 0.000000, 0.000000, vector magnitude 0.000000
Object type example, id 2, position 0.000000, 0.000000, vector magnitude 0.000000
Object type Bee, id 3, position 0.000000, 0.000000, vector magnitude 0.000000
All objects of type example
Object type example, id 0, position 0.000000, 0.000000, vector magnitude 0.000000
Object type example, id 1, position 0.000000, 0.000000, vector magnitude 0.000000
Object type example, id 2, position 0.000000, 0.000000, vector magnitude 0.000000
All objects of type Bee
Object type Bee, id 3, position 0.000000, 0.000000, vector magnitude 0.000000
Event base constructor called
Event Step constructor called with type set to : df::step and initial step count of 0
Object base event handler called
Object base event handler called
Object base event handler called
Object base event handler called
Event base constructor called
Mouse event constructor called
Object base event handler called
Object base event handler called
Object base event handler called
Object base event handler called
Mouse has moved!
All objects currently in deletions:
Object 0 update called
Object 1 update called
Object 2 update called
Object 3 update called
Example object draw called
Example object draw called
Example object draw called
Bee draw called
swap buffers called
loop time and count: 2337, 0
time slept in milliseconds: -2304
number of steps: 33
All objects currently in world:
Object type example, id 0, position 2.000000, 3.000000, vector magnitude 3.605551
Object type example, id 1, position 2.000000, 3.000000, vector magnitude 3.605551
Object type example, id 2, position 2.000000, 3.000000, vector magnitude 3.605551
Object type Bee, id 3, position 2.000000, 3.000000, vector magnitude 3.605551
All objects of type example
Object type example, id 0, position 2.000000, 3.000000, vector magnitude 3.605551
Object type example, id 1, position 2.000000, 3.000000, vector magnitude 3.605551
Object type example, id 2, position 2.000000, 3.000000, vector magnitude 3.605551
All objects of type Bee
Object type Bee, id 3, position 2.000000, 3.000000, vector magnitude 3.605551
Event base constructor called
Event Step constructor called with type set to : df::step and initial step count of 1
Object base event handler called
Object base event handler called
Object base event handler called
Object base event handler called
Event base constructor called
Mouse event constructor called
Object base event handler called
Object base event handler called
Object base event handler called
Object base event handler called
Mouse has moved!
Event base constructor called
Mouse event constructor called
left click!
Object base event handler called
Object base event handler called
Object base event handler called
Object base event handler called
Event base constructor called
Mouse event constructor called
Object base event handler called
Object base event handler called
Object base event handler called
Object base event handler called
Mouse has moved!
Event base constructor called
Event keyboard constructor called
Object base event handler called
Object base event handler called
Object base event handler called
Object base event handler called
Key 0 pressed
Event base constructor called
Event keyboard constructor called
Object base event handler called
Object base event handler called
Object base event handler called
Object base event handler called
Key 3 pressed
Event base constructor called
Event keyboard constructor called
Object base event handler called
Object base event handler called
Object base event handler called
Object base event handler called
Key 3 pressed
Event base constructor called
Event keyboard constructor called
Object base event handler called
Object base event handler called
Object base event handler called
Object base event handler called
Key 3 pressed
Event base constructor called
Event keyboard constructor called
Object base event handler called
Object base event handler called
Object base event handler called
Object base event handler called
Key 3 pressed
Event base constructor called
Event keyboard constructor called
Object base event handler called
Object base event handler called
Object base event handler called
Object base event handler called
Key 5 pressed
Event base constructor called
Event keyboard constructor called
Object base event handler called
Object base event handler called
Object base event handler called
Object base event handler called
Key 5 pressed
All objects currently in deletions:
Object 0 update called
Object 1 update called
Object 2 update called
Object 3 update called
Example object draw called
Example object draw called
Example object draw called
Bee draw called
swap buffers called
loop time and count: 2034, 1
time slept in milliseconds: -2001
number of steps: 132
Total time in run loop: 66

GameManager shutdown called.

All objects before removal of one
Object type example, id 0, position 2.000000, 3.000000, vector magnitude 3.605551
Object type example, id 1, position 2.000000, 3.000000, vector magnitude 3.605551
Object type example, id 2, position 2.000000, 3.000000, vector magnitude 3.605551
Object type Bee, id 3, position 2.000000, 3.000000, vector magnitude 3.605551
All objects after removal of one
Object type example, id 1, position 2.000000, 3.000000, vector magnitude 3.605551
Object type example, id 2, position 2.000000, 3.000000, vector magnitude 3.605551
Object type Bee, id 3, position 2.000000, 3.000000, vector magnitude 3.605551
All objects before removal of one
Object type example, id 1, position 2.000000, 3.000000, vector magnitude 3.605551
Object type example, id 2, position 2.000000, 3.000000, vector magnitude 3.605551
Object type Bee, id 3, position 2.000000, 3.000000, vector magnitude 3.605551
All objects after removal of one
Object type example, id 2, position 2.000000, 3.000000, vector magnitude 3.605551
Object type Bee, id 3, position 2.000000, 3.000000, vector magnitude 3.605551
All objects before removal of one
Object type example, id 2, position 2.000000, 3.000000, vector magnitude 3.605551
Object type Bee, id 3, position 2.000000, 3.000000, vector magnitude 3.605551
All objects after removal of one
Object type Bee, id 3, position 2.000000, 3.000000, vector magnitude 3.605551
All objects before removal of one
Object type Bee, id 3, position 2.000000, 3.000000, vector magnitude 3.605551
All objects after removal of one
Manager shutdown called.

LM::shutDown(): Successfully stopped.
