c:\users\di\documents\github\dragonflyegg\dragonflyegg\x64\debug\vc142.pdb
c:\users\di\documents\github\dragonflyegg\dragonflyegg\x64\debug\vc142.idb
c:\users\di\documents\github\dragonflyegg\dragonflyegg\x64\debug\manager.obj
c:\users\di\documents\github\dragonflyegg\dragonflyegg\x64\debug\game.obj
c:\users\di\documents\github\dragonflyegg\dragonflyegg\x64\debug\clock.obj
c:\users\di\documents\github\dragonflyegg\x64\debug\dragonflyegg.pdb
c:\users\di\documents\github\dragonflyegg\dragonflyegg\x64\debug\dragonflyegg.tlog\cl.command.1.tlog
c:\users\di\documents\github\dragonflyegg\dragonflyegg\x64\debug\dragonflyegg.tlog\cl.read.1.tlog
c:\users\di\documents\github\dragonflyegg\dragonflyegg\x64\debug\dragonflyegg.tlog\cl.write.1.tlog
c:\users\di\documents\github\dragonflyegg\dragonflyegg\x64\debug\dragonflyegg.tlog\link-cvtres.read.1.tlog
c:\users\di\documents\github\dragonflyegg\dragonflyegg\x64\debug\dragonflyegg.tlog\link-cvtres.write.1.tlog
c:\users\di\documents\github\dragonflyegg\dragonflyegg\x64\debug\dragonflyegg.tlog\link-rc.read.1.tlog
c:\users\di\documents\github\dragonflyegg\dragonflyegg\x64\debug\dragonflyegg.tlog\link-rc.write.1.tlog
c:\users\di\documents\github\dragonflyegg\dragonflyegg\x64\debug\dragonflyegg.tlog\link.23588-cvtres.read.1.tlog
c:\users\di\documents\github\dragonflyegg\dragonflyegg\x64\debug\dragonflyegg.tlog\link.23588-cvtres.write.1.tlog
c:\users\di\documents\github\dragonflyegg\dragonflyegg\x64\debug\dragonflyegg.tlog\link.23588-rc.read.1.tlog
c:\users\di\documents\github\dragonflyegg\dragonflyegg\x64\debug\dragonflyegg.tlog\link.23588-rc.write.1.tlog
c:\users\di\documents\github\dragonflyegg\dragonflyegg\x64\debug\dragonflyegg.tlog\link.23588.read.1.tlog
c:\users\di\documents\github\dragonflyegg\dragonflyegg\x64\debug\dragonflyegg.tlog\link.23588.write.1.tlog
c:\users\di\documents\github\dragonflyegg\dragonflyegg\x64\debug\dragonflyegg.tlog\link.command.1.tlog
c:\users\di\documents\github\dragonflyegg\dragonflyegg\x64\debug\dragonflyegg.tlog\link.read.1.tlog
c:\users\di\documents\github\dragonflyegg\dragonflyegg\x64\debug\dragonflyegg.tlog\link.write.1.tlog
